<?xml version="1.0" encoding="UTF-8"?>
<!-- Generated by org.testng.reporters.JUnitXMLReporter -->
<testsuite ignored="2" hostname="Lenovo" failures="0" tests="2" name="Test" time="18.199" errors="0" timestamp="2023-02-11T16:14:07 CST">
  <testcase classname="seleniumprojectPAVAN.FirstTestNG" name="Dashboard" time="10.061"/>
  <testcase classname="seleniumprojectPAVAN.FirstTestNG" name="Login" time="1.419"/>
  <testcase classname="seleniumprojectPAVAN.SampleTestNG" name="Dashboard" time="0.0">
    <ignored/>
  </testcase> <!-- Dashboard -->
  <testcase classname="seleniumprojectPAVAN.SampleTestNG" name="Login" time="0.0">
    <ignored/>
  </testcase> <!-- Login -->
</testsuite> <!-- Test -->
