<?xml version="1.0" encoding="UTF-8"?>
<testng-results ignored="0" total="2" passed="2" failed="0" skipped="0">
  <reporter-output>
  </reporter-output>
  <suite started-at="2023-02-11T10:57:34 CST" name="Default suite" finished-at="2023-02-11T10:57:51 CST" duration-ms="17884">
    <groups>
    </groups>
    <test started-at="2023-02-11T10:57:34 CST" name="Default test" finished-at="2023-02-11T10:57:51 CST" duration-ms="17884">
      <class name="seleniumprojectPAVAN.FirstTestNG">
        <test-method is-config="true" signature="beforeClass()[pri:0, instance:seleniumprojectPAVAN.FirstTestNG@43195e57]" started-at="2023-02-11T10:57:34 CST" name="beforeClass" finished-at="2023-02-11T10:57:40 CST" duration-ms="6205" status="PASS">
          <reporter-output>
          </reporter-output>
        </test-method> <!-- beforeClass -->
        <test-method signature="Dashboard()[pri:0, instance:seleniumprojectPAVAN.FirstTestNG@43195e57]" started-at="2023-02-11T10:57:40 CST" name="Dashboard" finished-at="2023-02-11T10:57:50 CST" duration-ms="10033" status="PASS">
          <reporter-output>
          </reporter-output>
        </test-method> <!-- Dashboard -->
        <test-method signature="Login()[pri:1, instance:seleniumprojectPAVAN.FirstTestNG@43195e57]" started-at="2023-02-11T10:57:50 CST" name="Login" finished-at="2023-02-11T10:57:51 CST" duration-ms="1311" status="PASS">
          <reporter-output>
          </reporter-output>
        </test-method> <!-- Login -->
        <test-method is-config="true" signature="afterClass()[pri:0, instance:seleniumprojectPAVAN.FirstTestNG@43195e57]" started-at="2023-02-11T10:57:51 CST" name="afterClass" finished-at="2023-02-11T10:57:51 CST" duration-ms="292" status="PASS">
          <reporter-output>
          </reporter-output>
        </test-method> <!-- afterClass -->
      </class> <!-- seleniumprojectPAVAN.FirstTestNG -->
    </test> <!-- Default test -->
  </suite> <!-- Default suite -->
</testng-results>
